

Started GET "/teachers/new" for ::1 at 2016-10-05 01:00:52 -0700
Processing by TeachersController#new as HTML
  Rendered teachers/new.html.erb within layouts/application (3.0ms)
Completed 500 Internal Server Error in 1100ms

ExecJS::ProgramError - TypeError: Object doesn't support this property or method
  (in c:/Users/Maruf/Desktop/Ruby/hw-soln/hw3/app/assets/javascripts/teachers.coffee):
  execjs (2.7.0) lib/execjs/external_runtime.rb:84:in `extract_result'
  execjs (2.7.0) lib/execjs/external_runtime.rb:39:in `exec'
  execjs (2.7.0) lib/execjs/external_runtime.rb:21:in `eval'
  execjs (2.7.0) lib/execjs/external_runtime.rb:46:in `call'
  coffee-script (2.4.1) lib/coffee_script.rb:78:in `compile'
  tilt (1.4.1) lib/tilt/coffee.rb:46:in `evaluate'
  tilt (1.4.1) lib/tilt/template.rb:103:in `render'
  sprockets (2.12.4) lib/sprockets/context.rb:197:in `block in evaluate'
  sprockets (2.12.4) lib/sprockets/context.rb:194:in `evaluate'
  sprockets (2.12.4) lib/sprockets/processed_asset.rb:12:in `initialize'
  sprockets (2.12.4) lib/sprockets/base.rb:374:in `block in build_asset'
  sprockets (2.12.4) lib/sprockets/base.rb:395:in `circular_call_protection'
  sprockets (2.12.4) lib/sprockets/base.rb:373:in `build_asset'
  sprockets (2.12.4) lib/sprockets/index.rb:94:in `block in build_asset'
  sprockets (2.12.4) lib/sprockets/caching.rb:58:in `cache_asset'
  sprockets (2.12.4) lib/sprockets/index.rb:93:in `build_asset'
  sprockets (2.12.4) lib/sprockets/base.rb:287:in `find_asset'
  sprockets (2.12.4) lib/sprockets/index.rb:61:in `find_asset'
  sprockets (2.12.4) lib/sprockets/processed_asset.rb:111:in `block in resolve_dependencies'
  sprockets (2.12.4) lib/sprockets/processed_asset.rb:105:in `resolve_dependencies'
  sprockets (2.12.4) lib/sprockets/processed_asset.rb:97:in `build_required_assets'
  sprockets (2.12.4) lib/sprockets/processed_asset.rb:16:in `initialize'
  sprockets (2.12.4) lib/sprockets/base.rb:374:in `block in build_asset'
  sprockets (2.12.4) lib/sprockets/base.rb:395:in `circular_call_protection'
  sprockets (2.12.4) lib/sprockets/base.rb:373:in `build_asset'
  sprockets (2.12.4) lib/sprockets/index.rb:94:in `block in build_asset'
  sprockets (2.12.4) lib/sprockets/caching.rb:58:in `cache_asset'
  sprockets (2.12.4) lib/sprockets/index.rb:93:in `build_asset'
  sprockets (2.12.4) lib/sprockets/base.rb:287:in `find_asset'
  sprockets (2.12.4) lib/sprockets/index.rb:61:in `find_asset'
  sprockets (2.12.4) lib/sprockets/bundled_asset.rb:16:in `initialize'
  sprockets (2.12.4) lib/sprockets/base.rb:377:in `build_asset'
  sprockets (2.12.4) lib/sprockets/index.rb:94:in `block in build_asset'
  sprockets (2.12.4) lib/sprockets/caching.rb:58:in `cache_asset'
  sprockets (2.12.4) lib/sprockets/index.rb:93:in `build_asset'
  sprockets (2.12.4) lib/sprockets/base.rb:287:in `find_asset'
  sprockets (2.12.4) lib/sprockets/index.rb:61:in `find_asset'
  sprockets (2.12.4) lib/sprockets/environment.rb:75:in `find_asset'
  sprockets (2.12.4) lib/sprockets/base.rb:295:in `[]'
  sprockets-rails (2.3.3) lib/sprockets/rails/helper.rb:230:in `lookup_asset_for_path'
  sprockets-rails (2.3.3) lib/sprockets/rails/helper.rb:190:in `check_errors_for'
  sprockets-rails (2.3.3) lib/sprockets/rails/helper.rb:137:in `block in javascript_include_tag'
  sprockets-rails (2.3.3) lib/sprockets/rails/helper.rb:136:in `javascript_include_tag'
  app/views/layouts/application.html.erb:6:in `_app_views_layouts_application_html_erb__115905011_62608344'
  actionview (4.2.0) lib/action_view/template.rb:145:in `block in render'
  activesupport (4.2.0) lib/active_support/notifications.rb:166:in `instrument'
  actionview (4.2.0) lib/action_view/template.rb:333:in `instrument'
  actionview (4.2.0) lib/action_view/template.rb:143:in `render'
  actionview (4.2.0) lib/action_view/renderer/template_renderer.rb:66:in `render_with_layout'
  actionview (4.2.0) lib/action_view/renderer/template_renderer.rb:52:in `render_template'
  actionview (4.2.0) lib/action_view/renderer/template_renderer.rb:14:in `render'
  actionview (4.2.0) lib/action_view/renderer/renderer.rb:42:in `render_template'
  actionview (4.2.0) lib/action_view/renderer/renderer.rb:23:in `render'
  actionview (4.2.0) lib/action_view/rendering.rb:100:in `_render_template'
  actionpack (4.2.0) lib/action_controller/metal/streaming.rb:217:in `_render_template'
  actionview (4.2.0) lib/action_view/rendering.rb:83:in `render_to_body'
  actionpack (4.2.0) lib/action_controller/metal/rendering.rb:32:in `render_to_body'
  actionpack (4.2.0) lib/action_controller/metal/renderers.rb:37:in `render_to_body'
  actionpack (4.2.0) lib/abstract_controller/rendering.rb:25:in `render'
  actionpack (4.2.0) lib/action_controller/metal/rendering.rb:16:in `render'
  actionpack (4.2.0) lib/action_controller/metal/instrumentation.rb:41:in `block (2 levels) in render'
  activesupport (4.2.0) lib/active_support/core_ext/benchmark.rb:12:in `block in ms'
  c:/RailsInstaller/Ruby2.1.0/lib/ruby/2.1.0/benchmark.rb:294:in `realtime'
  activesupport (4.2.0) lib/active_support/core_ext/benchmark.rb:12:in `ms'
  actionpack (4.2.0) lib/action_controller/metal/instrumentation.rb:41:in `block in render'
  actionpack (4.2.0) lib/action_controller/metal/instrumentation.rb:84:in `cleanup_view_runtime'
  activerecord (4.2.0) lib/active_record/railties/controller_runtime.rb:25:in `cleanup_view_runtime'
  actionpack (4.2.0) lib/action_controller/metal/instrumentation.rb:40:in `render'
  actionpack (4.2.0) lib/action_controller/metal/implicit_render.rb:10:in `default_render'
  actionpack (4.2.0) lib/action_controller/metal/implicit_render.rb:5:in `send_action'
  actionpack (4.2.0) lib/abstract_controller/base.rb:198:in `process_action'
  actionpack (4.2.0) lib/action_controller/metal/rendering.rb:10:in `process_action'
  actionpack (4.2.0) lib/abstract_controller/callbacks.rb:20:in `block in process_action'
  activesupport (4.2.0) lib/active_support/callbacks.rb:117:in `call'
  activesupport (4.2.0) lib/active_support/callbacks.rb:234:in `block in halting'
  activesupport (4.2.0) lib/active_support/callbacks.rb:169:in `block in halting'
  activesupport (4.2.0) lib/active_support/callbacks.rb:169:in `block in halting'
  activesupport (4.2.0) lib/active_support/callbacks.rb:92:in `_run_callbacks'
  activesupport (4.2.0) lib/active_support/callbacks.rb:734:in `_run_process_action_callbacks'
  activesupport (4.2.0) lib/active_support/callbacks.rb:81:in `run_callbacks'
  actionpack (4.2.0) lib/abstract_controller/callbacks.rb:19:in `process_action'
  actionpack (4.2.0) lib/action_controller/metal/rescue.rb:29:in `process_action'
  actionpack (4.2.0) lib/action_controller/metal/instrumentation.rb:31:in `block in process_action'
  activesupport (4.2.0) lib/active_support/notifications.rb:164:in `block in instrument'
  activesupport (4.2.0) lib/active_support/notifications/instrumenter.rb:20:in `instrument'
  activesupport (4.2.0) lib/active_support/notifications.rb:164:in `instrument'
  actionpack (4.2.0) lib/action_controller/metal/instrumentation.rb:30:in `process_action'
  actionpack (4.2.0) lib/action_controller/metal/params_wrapper.rb:250:in `process_action'
  activerecord (4.2.0) lib/active_record/railties/controller_runtime.rb:18:in `process_action'
  actionpack (4.2.0) lib/abstract_controller/base.rb:137:in `process'
  actionview (4.2.0) lib/action_view/rendering.rb:30:in `process'
  actionpack (4.2.0) lib/action_controller/metal.rb:195:in `dispatch'
  actionpack (4.2.0) lib/action_controller/metal/rack_delegation.rb:13:in `dispatch'
  actionpack (4.2.0) lib/action_controller/metal.rb:236:in `block in action'
  actionpack (4.2.0) lib/action_dispatch/routing/route_set.rb:73:in `dispatch'
  actionpack (4.2.0) lib/action_dispatch/routing/route_set.rb:42:in `serve'
  actionpack (4.2.0) lib/action_dispatch/journey/router.rb:43:in `block in serve'
  actionpack (4.2.0) lib/action_dispatch/journey/router.rb:30:in `serve'
  actionpack (4.2.0) lib/action_dispatch/routing/route_set.rb:802:in `call'
  rack (1.6.4) lib/rack/etag.rb:24:in `call'
  rack (1.6.4) lib/rack/conditionalget.rb:25:in `call'
  rack (1.6.4) lib/rack/head.rb:13:in `call'
  actionpack (4.2.0) lib/action_dispatch/middleware/params_parser.rb:27:in `call'
  actionpack (4.2.0) lib/action_dispatch/middleware/flash.rb:260:in `call'
  rack (1.6.4) lib/rack/session/abstract/id.rb:225:in `context'
  rack (1.6.4) lib/rack/session/abstract/id.rb:220:in `call'
  actionpack (4.2.0) lib/action_dispatch/middleware/cookies.rb:560:in `call'
  activerecord (4.2.0) lib/active_record/query_cache.rb:36:in `call'
  activerecord (4.2.0) lib/active_record/connection_adapters/abstract/connection_pool.rb:647:in `call'
  activerecord (4.2.0) lib/active_record/migration.rb:378:in `call'
  actionpack (4.2.0) lib/action_dispatch/middleware/callbacks.rb:29:in `block in call'
  activesupport (4.2.0) lib/active_support/callbacks.rb:88:in `_run_callbacks'
  activesupport (4.2.0) lib/active_support/callbacks.rb:734:in `_run_call_callbacks'
  activesupport (4.2.0) lib/active_support/callbacks.rb:81:in `run_callbacks'
  actionpack (4.2.0) lib/action_dispatch/middleware/callbacks.rb:27:in `call'
  actionpack (4.2.0) lib/action_dispatch/middleware/reloader.rb:73:in `call'
  actionpack (4.2.0) lib/action_dispatch/middleware/remote_ip.rb:78:in `call'
  better_errors (1.1.0) lib/better_errors/middleware.rb:84:in `protected_app_call'
  better_errors (1.1.0) lib/better_errors/middleware.rb:79:in `better_errors_call'
  better_errors (1.1.0) lib/better_errors/middleware.rb:56:in `call'
  actionpack (4.2.0) lib/action_dispatch/middleware/debug_exceptions.rb:17:in `call'
  actionpack (4.2.0) lib/action_dispatch/middleware/show_exceptions.rb:30:in `call'
  railties (4.2.0) lib/rails/rack/logger.rb:38:in `call_app'
  railties (4.2.0) lib/rails/rack/logger.rb:20:in `block in call'
  activesupport (4.2.0) lib/active_support/tagged_logging.rb:68:in `block in tagged'
  activesupport (4.2.0) lib/active_support/tagged_logging.rb:26:in `tagged'
  activesupport (4.2.0) lib/active_support/tagged_logging.rb:68:in `tagged'
  railties (4.2.0) lib/rails/rack/logger.rb:20:in `call'
  actionpack (4.2.0) lib/action_dispatch/middleware/request_id.rb:21:in `call'
  rack (1.6.4) lib/rack/methodoverride.rb:22:in `call'
  rack (1.6.4) lib/rack/runtime.rb:18:in `call'
  activesupport (4.2.0) lib/active_support/cache/strategy/local_cache_middleware.rb:28:in `call'
  rack (1.6.4) lib/rack/lock.rb:17:in `call'
  actionpack (4.2.0) lib/action_dispatch/middleware/static.rb:113:in `call'
  rack (1.6.4) lib/rack/sendfile.rb:113:in `call'
  railties (4.2.0) lib/rails/engine.rb:518:in `call'
  railties (4.2.0) lib/rails/application.rb:164:in `call'
  rack (1.6.4) lib/rack/lock.rb:17:in `call'
  rack (1.6.4) lib/rack/content_length.rb:15:in `call'
  rack (1.6.4) lib/rack/handler/webrick.rb:88:in `service'
  c:/RailsInstaller/Ruby2.1.0/lib/ruby/2.1.0/webrick/httpserver.rb:138:in `service'
  c:/RailsInstaller/Ruby2.1.0/lib/ruby/2.1.0/webrick/httpserver.rb:94:in `run'
  c:/RailsInstaller/Ruby2.1.0/lib/ruby/2.1.0/webrick/server.rb:295:in `block in start_thread'



Started POST "/__better_errors/61519740/variables" for ::1 at 2016-10-05 01:00:53 -0700


Started GET "/teachers/new" for ::1 at 2016-10-05 01:02:14 -0700
Processing by TeachersController#new as HTML
  Rendered teachers/new.html.erb within layouts/application (1.0ms)
Completed 500 Internal Server Error in 357ms

ExecJS::ProgramError - TypeError: Object doesn't support this property or method
  (in c:/Users/Maruf/Desktop/Ruby/hw-soln/hw3/app/assets/javascripts/teachers.coffee):
  execjs (2.7.0) lib/execjs/external_runtime.rb:84:in `extract_result'
  execjs (2.7.0) lib/execjs/external_runtime.rb:39:in `exec'
  execjs (2.7.0) lib/execjs/external_runtime.rb:21:in `eval'
  execjs (2.7.0) lib/execjs/external_runtime.rb:46:in `call'
  coffee-script (2.4.1) lib/coffee_script.rb:78:in `compile'
  tilt (1.4.1) lib/tilt/coffee.rb:46:in `evaluate'
  tilt (1.4.1) lib/tilt/template.rb:103:in `render'
  sprockets (2.12.4) lib/sprockets/context.rb:197:in `block in evaluate'
  sprockets (2.12.4) lib/sprockets/context.rb:194:in `evaluate'
  sprockets (2.12.4) lib/sprockets/processed_asset.rb:12:in `initialize'
  sprockets (2.12.4) lib/sprockets/base.rb:374:in `block in build_asset'
  sprockets (2.12.4) lib/sprockets/base.rb:395:in `circular_call_protection'
  sprockets (2.12.4) lib/sprockets/base.rb:373:in `build_asset'
  sprockets (2.12.4) lib/sprockets/index.rb:94:in `block in build_asset'
  sprockets (2.12.4) lib/sprockets/caching.rb:58:in `cache_asset'
  sprockets (2.12.4) lib/sprockets/index.rb:93:in `build_asset'
  sprockets (2.12.4) lib/sprockets/base.rb:287:in `find_asset'
  sprockets (2.12.4) lib/sprockets/index.rb:61:in `find_asset'
  sprockets (2.12.4) lib/sprockets/processed_asset.rb:111:in `block in resolve_dependencies'
  sprockets (2.12.4) lib/sprockets/processed_asset.rb:105:in `resolve_dependencies'
  sprockets (2.12.4) lib/sprockets/processed_asset.rb:97:in `build_required_assets'
  sprockets (2.12.4) lib/sprockets/processed_asset.rb:16:in `initialize'
  sprockets (2.12.4) lib/sprockets/base.rb:374:in `block in build_asset'
  sprockets (2.12.4) lib/sprockets/base.rb:395:in `circular_call_protection'
  sprockets (2.12.4) lib/sprockets/base.rb:373:in `build_asset'
  sprockets (2.12.4) lib/sprockets/index.rb:94:in `block in build_asset'
  sprockets (2.12.4) lib/sprockets/caching.rb:58:in `cache_asset'
  sprockets (2.12.4) lib/sprockets/index.rb:93:in `build_asset'
  sprockets (2.12.4) lib/sprockets/base.rb:287:in `find_asset'
  sprockets (2.12.4) lib/sprockets/index.rb:61:in `find_asset'
  sprockets (2.12.4) lib/sprockets/bundled_asset.rb:16:in `initialize'
  sprockets (2.12.4) lib/sprockets/base.rb:377:in `build_asset'
  sprockets (2.12.4) lib/sprockets/index.rb:94:in `block in build_asset'
  sprockets (2.12.4) lib/sprockets/caching.rb:58:in `cache_asset'
  sprockets (2.12.4) lib/sprockets/index.rb:93:in `build_asset'
  sprockets (2.12.4) lib/sprockets/base.rb:287:in `find_asset'
  sprockets (2.12.4) lib/sprockets/index.rb:61:in `find_asset'
  sprockets (2.12.4) lib/sprockets/environment.rb:75:in `find_asset'
  sprockets (2.12.4) lib/sprockets/base.rb:295:in `[]'
  sprockets-rails (2.3.3) lib/sprockets/rails/helper.rb:230:in `lookup_asset_for_path'
  sprockets-rails (2.3.3) lib/sprockets/rails/helper.rb:190:in `check_errors_for'
  sprockets-rails (2.3.3) lib/sprockets/rails/helper.rb:137:in `block in javascript_include_tag'
  sprockets-rails (2.3.3) lib/sprockets/rails/helper.rb:136:in `javascript_include_tag'
  app/views/layouts/application.html.erb:6:in `_app_views_layouts_application_html_erb__115905011_49596492'
  actionview (4.2.0) lib/action_view/template.rb:145:in `block in render'
  activesupport (4.2.0) lib/active_support/notifications.rb:166:in `instrument'
  actionview (4.2.0) lib/action_view/template.rb:333:in `instrument'
  actionview (4.2.0) lib/action_view/template.rb:143:in `render'
  actionview (4.2.0) lib/action_view/renderer/template_renderer.rb:66:in `render_with_layout'
  actionview (4.2.0) lib/action_view/renderer/template_renderer.rb:52:in `render_template'
  actionview (4.2.0) lib/action_view/renderer/template_renderer.rb:14:in `render'
  actionview (4.2.0) lib/action_view/renderer/renderer.rb:42:in `render_template'
  actionview (4.2.0) lib/action_view/renderer/renderer.rb:23:in `render'
  actionview (4.2.0) lib/action_view/rendering.rb:100:in `_render_template'
  actionpack (4.2.0) lib/action_controller/metal/streaming.rb:217:in `_render_template'
  actionview (4.2.0) lib/action_view/rendering.rb:83:in `render_to_body'
  actionpack (4.2.0) lib/action_controller/metal/rendering.rb:32:in `render_to_body'
  actionpack (4.2.0) lib/action_controller/metal/renderers.rb:37:in `render_to_body'
  actionpack (4.2.0) lib/abstract_controller/rendering.rb:25:in `render'
  actionpack (4.2.0) lib/action_controller/metal/rendering.rb:16:in `render'
  actionpack (4.2.0) lib/action_controller/metal/instrumentation.rb:41:in `block (2 levels) in render'
  activesupport (4.2.0) lib/active_support/core_ext/benchmark.rb:12:in `block in ms'
  c:/RailsInstaller/Ruby2.1.0/lib/ruby/2.1.0/benchmark.rb:294:in `realtime'
  activesupport (4.2.0) lib/active_support/core_ext/benchmark.rb:12:in `ms'
  actionpack (4.2.0) lib/action_controller/metal/instrumentation.rb:41:in `block in render'
  actionpack (4.2.0) lib/action_controller/metal/instrumentation.rb:84:in `cleanup_view_runtime'
  activerecord (4.2.0) lib/active_record/railties/controller_runtime.rb:25:in `cleanup_view_runtime'
  actionpack (4.2.0) lib/action_controller/metal/instrumentation.rb:40:in `render'
  actionpack (4.2.0) lib/action_controller/metal/implicit_render.rb:10:in `default_render'
  actionpack (4.2.0) lib/action_controller/metal/implicit_render.rb:5:in `send_action'
  actionpack (4.2.0) lib/abstract_controller/base.rb:198:in `process_action'
  actionpack (4.2.0) lib/action_controller/metal/rendering.rb:10:in `process_action'
  actionpack (4.2.0) lib/abstract_controller/callbacks.rb:20:in `block in process_action'
  activesupport (4.2.0) lib/active_support/callbacks.rb:117:in `call'
  activesupport (4.2.0) lib/active_support/callbacks.rb:234:in `block in halting'
  activesupport (4.2.0) lib/active_support/callbacks.rb:169:in `block in halting'
  activesupport (4.2.0) lib/active_support/callbacks.rb:169:in `block in halting'
  activesupport (4.2.0) lib/active_support/callbacks.rb:92:in `_run_callbacks'
  activesupport (4.2.0) lib/active_support/callbacks.rb:734:in `_run_process_action_callbacks'
  activesupport (4.2.0) lib/active_support/callbacks.rb:81:in `run_callbacks'
  actionpack (4.2.0) lib/abstract_controller/callbacks.rb:19:in `process_action'
  actionpack (4.2.0) lib/action_controller/metal/rescue.rb:29:in `process_action'
  actionpack (4.2.0) lib/action_controller/metal/instrumentation.rb:31:in `block in process_action'
  activesupport (4.2.0) lib/active_support/notifications.rb:164:in `block in instrument'
  activesupport (4.2.0) lib/active_support/notifications/instrumenter.rb:20:in `instrument'
  activesupport (4.2.0) lib/active_support/notifications.rb:164:in `instrument'
  actionpack (4.2.0) lib/action_controller/metal/instrumentation.rb:30:in `process_action'
  actionpack (4.2.0) lib/action_controller/metal/params_wrapper.rb:250:in `process_action'
  activerecord (4.2.0) lib/active_record/railties/controller_runtime.rb:18:in `process_action'
  actionpack (4.2.0) lib/abstract_controller/base.rb:137:in `process'
  actionview (4.2.0) lib/action_view/rendering.rb:30:in `process'
  actionpack (4.2.0) lib/action_controller/metal.rb:195:in `dispatch'
  actionpack (4.2.0) lib/action_controller/metal/rack_delegation.rb:13:in `dispatch'
  actionpack (4.2.0) lib/action_controller/metal.rb:236:in `block in action'
  actionpack (4.2.0) lib/action_dispatch/routing/route_set.rb:73:in `dispatch'
  actionpack (4.2.0) lib/action_dispatch/routing/route_set.rb:42:in `serve'
  actionpack (4.2.0) lib/action_dispatch/journey/router.rb:43:in `block in serve'
  actionpack (4.2.0) lib/action_dispatch/journey/router.rb:30:in `serve'
  actionpack (4.2.0) lib/action_dispatch/routing/route_set.rb:802:in `call'
  rack (1.6.4) lib/rack/etag.rb:24:in `call'
  rack (1.6.4) lib/rack/conditionalget.rb:25:in `call'
  rack (1.6.4) lib/rack/head.rb:13:in `call'
  actionpack (4.2.0) lib/action_dispatch/middleware/params_parser.rb:27:in `call'
  actionpack (4.2.0) lib/action_dispatch/middleware/flash.rb:260:in `call'
  rack (1.6.4) lib/rack/session/abstract/id.rb:225:in `context'
  rack (1.6.4) lib/rack/session/abstract/id.rb:220:in `call'
  actionpack (4.2.0) lib/action_dispatch/middleware/cookies.rb:560:in `call'
  activerecord (4.2.0) lib/active_record/query_cache.rb:36:in `call'
  activerecord (4.2.0) lib/active_record/connection_adapters/abstract/connection_pool.rb:647:in `call'
  activerecord (4.2.0) lib/active_record/migration.rb:378:in `call'
  actionpack (4.2.0) lib/action_dispatch/middleware/callbacks.rb:29:in `block in call'
  activesupport (4.2.0) lib/active_support/callbacks.rb:88:in `_run_callbacks'
  activesupport (4.2.0) lib/active_support/callbacks.rb:734:in `_run_call_callbacks'
  activesupport (4.2.0) lib/active_support/callbacks.rb:81:in `run_callbacks'
  actionpack (4.2.0) lib/action_dispatch/middleware/callbacks.rb:27:in `call'
  actionpack (4.2.0) lib/action_dispatch/middleware/reloader.rb:73:in `call'
  actionpack (4.2.0) lib/action_dispatch/middleware/remote_ip.rb:78:in `call'
  better_errors (1.1.0) lib/better_errors/middleware.rb:84:in `protected_app_call'
  better_errors (1.1.0) lib/better_errors/middleware.rb:79:in `better_errors_call'
  better_errors (1.1.0) lib/better_errors/middleware.rb:56:in `call'
  actionpack (4.2.0) lib/action_dispatch/middleware/debug_exceptions.rb:17:in `call'
  actionpack (4.2.0) lib/action_dispatch/middleware/show_exceptions.rb:30:in `call'
  railties (4.2.0) lib/rails/rack/logger.rb:38:in `call_app'
  railties (4.2.0) lib/rails/rack/logger.rb:20:in `block in call'
  activesupport (4.2.0) lib/active_support/tagged_logging.rb:68:in `block in tagged'
  activesupport (4.2.0) lib/active_support/tagged_logging.rb:26:in `tagged'
  activesupport (4.2.0) lib/active_support/tagged_logging.rb:68:in `tagged'
  railties (4.2.0) lib/rails/rack/logger.rb:20:in `call'
  actionpack (4.2.0) lib/action_dispatch/middleware/request_id.rb:21:in `call'
  rack (1.6.4) lib/rack/methodoverride.rb:22:in `call'
  rack (1.6.4) lib/rack/runtime.rb:18:in `call'
  activesupport (4.2.0) lib/active_support/cache/strategy/local_cache_middleware.rb:28:in `call'
  rack (1.6.4) lib/rack/lock.rb:17:in `call'
  actionpack (4.2.0) lib/action_dispatch/middleware/static.rb:113:in `call'
  rack (1.6.4) lib/rack/sendfile.rb:113:in `call'
  railties (4.2.0) lib/rails/engine.rb:518:in `call'
  railties (4.2.0) lib/rails/application.rb:164:in `call'
  rack (1.6.4) lib/rack/lock.rb:17:in `call'
  rack (1.6.4) lib/rack/content_length.rb:15:in `call'
  rack (1.6.4) lib/rack/handler/webrick.rb:88:in `service'
  c:/RailsInstaller/Ruby2.1.0/lib/ruby/2.1.0/webrick/httpserver.rb:138:in `service'
  c:/RailsInstaller/Ruby2.1.0/lib/ruby/2.1.0/webrick/httpserver.rb:94:in `run'
  c:/RailsInstaller/Ruby2.1.0/lib/ruby/2.1.0/webrick/server.rb:295:in `block in start_thread'



Started POST "/__better_errors/42808944/variables" for ::1 at 2016-10-05 01:02:15 -0700


Started GET "/teachers/new" for ::1 at 2016-10-05 01:02:40 -0700
Processing by TeachersController#new as HTML
  Rendered teachers/new.html.erb within layouts/application (4.0ms)
Completed 500 Internal Server Error in 975ms

ExecJS::ProgramError - TypeError: Object doesn't support this property or method
  (in c:/Users/Maruf/Desktop/Ruby/hw-soln/hw3/app/assets/javascripts/teachers.coffee):
  execjs (2.7.0) lib/execjs/external_runtime.rb:84:in `extract_result'
  execjs (2.7.0) lib/execjs/external_runtime.rb:39:in `exec'
  execjs (2.7.0) lib/execjs/external_runtime.rb:21:in `eval'
  execjs (2.7.0) lib/execjs/external_runtime.rb:46:in `call'
  coffee-script (2.4.1) lib/coffee_script.rb:78:in `compile'
  tilt (1.4.1) lib/tilt/coffee.rb:46:in `evaluate'
  tilt (1.4.1) lib/tilt/template.rb:103:in `render'
  sprockets (2.12.4) lib/sprockets/context.rb:197:in `block in evaluate'
  sprockets (2.12.4) lib/sprockets/context.rb:194:in `evaluate'
  sprockets (2.12.4) lib/sprockets/processed_asset.rb:12:in `initialize'
  sprockets (2.12.4) lib/sprockets/base.rb:374:in `block in build_asset'
  sprockets (2.12.4) lib/sprockets/base.rb:395:in `circular_call_protection'
  sprockets (2.12.4) lib/sprockets/base.rb:373:in `build_asset'
  sprockets (2.12.4) lib/sprockets/index.rb:94:in `block in build_asset'
  sprockets (2.12.4) lib/sprockets/caching.rb:58:in `cache_asset'
  sprockets (2.12.4) lib/sprockets/index.rb:93:in `build_asset'
  sprockets (2.12.4) lib/sprockets/base.rb:287:in `find_asset'
  sprockets (2.12.4) lib/sprockets/index.rb:61:in `find_asset'
  sprockets (2.12.4) lib/sprockets/processed_asset.rb:111:in `block in resolve_dependencies'
  sprockets (2.12.4) lib/sprockets/processed_asset.rb:105:in `resolve_dependencies'
  sprockets (2.12.4) lib/sprockets/processed_asset.rb:97:in `build_required_assets'
  sprockets (2.12.4) lib/sprockets/processed_asset.rb:16:in `initialize'
  sprockets (2.12.4) lib/sprockets/base.rb:374:in `block in build_asset'
  sprockets (2.12.4) lib/sprockets/base.rb:395:in `circular_call_protection'
  sprockets (2.12.4) lib/sprockets/base.rb:373:in `build_asset'
  sprockets (2.12.4) lib/sprockets/index.rb:94:in `block in build_asset'
  sprockets (2.12.4) lib/sprockets/caching.rb:58:in `cache_asset'
  sprockets (2.12.4) lib/sprockets/index.rb:93:in `build_asset'
  sprockets (2.12.4) lib/sprockets/base.rb:287:in `find_asset'
  sprockets (2.12.4) lib/sprockets/index.rb:61:in `find_asset'
  sprockets (2.12.4) lib/sprockets/bundled_asset.rb:16:in `initialize'
  sprockets (2.12.4) lib/sprockets/base.rb:377:in `build_asset'
  sprockets (2.12.4) lib/sprockets/index.rb:94:in `block in build_asset'
  sprockets (2.12.4) lib/sprockets/caching.rb:58:in `cache_asset'
  sprockets (2.12.4) lib/sprockets/index.rb:93:in `build_asset'
  sprockets (2.12.4) lib/sprockets/base.rb:287:in `find_asset'
  sprockets (2.12.4) lib/sprockets/index.rb:61:in `find_asset'
  sprockets (2.12.4) lib/sprockets/environment.rb:75:in `find_asset'
  sprockets (2.12.4) lib/sprockets/base.rb:295:in `[]'
  sprockets-rails (2.3.3) lib/sprockets/rails/helper.rb:230:in `lookup_asset_for_path'
  sprockets-rails (2.3.3) lib/sprockets/rails/helper.rb:190:in `check_errors_for'
  sprockets-rails (2.3.3) lib/sprockets/rails/helper.rb:137:in `block in javascript_include_tag'
  sprockets-rails (2.3.3) lib/sprockets/rails/helper.rb:136:in `javascript_include_tag'
  app/views/layouts/application.html.erb:6:in `_app_views_layouts_application_html_erb__991725340_61249224'
  actionview (4.2.0) lib/action_view/template.rb:145:in `block in render'
  activesupport (4.2.0) lib/active_support/notifications.rb:166:in `instrument'
  actionview (4.2.0) lib/action_view/template.rb:333:in `instrument'
  actionview (4.2.0) lib/action_view/template.rb:143:in `render'
  actionview (4.2.0) lib/action_view/renderer/template_renderer.rb:66:in `render_with_layout'
  actionview (4.2.0) lib/action_view/renderer/template_renderer.rb:52:in `render_template'
  actionview (4.2.0) lib/action_view/renderer/template_renderer.rb:14:in `render'
  actionview (4.2.0) lib/action_view/renderer/renderer.rb:42:in `render_template'
  actionview (4.2.0) lib/action_view/renderer/renderer.rb:23:in `render'
  actionview (4.2.0) lib/action_view/rendering.rb:100:in `_render_template'
  actionpack (4.2.0) lib/action_controller/metal/streaming.rb:217:in `_render_template'
  actionview (4.2.0) lib/action_view/rendering.rb:83:in `render_to_body'
  actionpack (4.2.0) lib/action_controller/metal/rendering.rb:32:in `render_to_body'
  actionpack (4.2.0) lib/action_controller/metal/renderers.rb:37:in `render_to_body'
  actionpack (4.2.0) lib/abstract_controller/rendering.rb:25:in `render'
  actionpack (4.2.0) lib/action_controller/metal/rendering.rb:16:in `render'
  actionpack (4.2.0) lib/action_controller/metal/instrumentation.rb:41:in `block (2 levels) in render'
  activesupport (4.2.0) lib/active_support/core_ext/benchmark.rb:12:in `block in ms'
  c:/RailsInstaller/Ruby2.1.0/lib/ruby/2.1.0/benchmark.rb:294:in `realtime'
  activesupport (4.2.0) lib/active_support/core_ext/benchmark.rb:12:in `ms'
  actionpack (4.2.0) lib/action_controller/metal/instrumentation.rb:41:in `block in render'
  actionpack (4.2.0) lib/action_controller/metal/instrumentation.rb:84:in `cleanup_view_runtime'
  activerecord (4.2.0) lib/active_record/railties/controller_runtime.rb:25:in `cleanup_view_runtime'
  actionpack (4.2.0) lib/action_controller/metal/instrumentation.rb:40:in `render'
  actionpack (4.2.0) lib/action_controller/metal/implicit_render.rb:10:in `default_render'
  actionpack (4.2.0) lib/action_controller/metal/implicit_render.rb:5:in `send_action'
  actionpack (4.2.0) lib/abstract_controller/base.rb:198:in `process_action'
  actionpack (4.2.0) lib/action_controller/metal/rendering.rb:10:in `process_action'
  actionpack (4.2.0) lib/abstract_controller/callbacks.rb:20:in `block in process_action'
  activesupport (4.2.0) lib/active_support/callbacks.rb:117:in `call'
  activesupport (4.2.0) lib/active_support/callbacks.rb:234:in `block in halting'
  activesupport (4.2.0) lib/active_support/callbacks.rb:169:in `block in halting'
  activesupport (4.2.0) lib/active_support/callbacks.rb:169:in `block in halting'
  activesupport (4.2.0) lib/active_support/callbacks.rb:92:in `_run_callbacks'
  activesupport (4.2.0) lib/active_support/callbacks.rb:734:in `_run_process_action_callbacks'
  activesupport (4.2.0) lib/active_support/callbacks.rb:81:in `run_callbacks'
  actionpack (4.2.0) lib/abstract_controller/callbacks.rb:19:in `process_action'
  actionpack (4.2.0) lib/action_controller/metal/rescue.rb:29:in `process_action'
  actionpack (4.2.0) lib/action_controller/metal/instrumentation.rb:31:in `block in process_action'
  activesupport (4.2.0) lib/active_support/notifications.rb:164:in `block in instrument'
  activesupport (4.2.0) lib/active_support/notifications/instrumenter.rb:20:in `instrument'
  activesupport (4.2.0) lib/active_support/notifications.rb:164:in `instrument'
  actionpack (4.2.0) lib/action_controller/metal/instrumentation.rb:30:in `process_action'
  actionpack (4.2.0) lib/action_controller/metal/params_wrapper.rb:250:in `process_action'
  activerecord (4.2.0) lib/active_record/railties/controller_runtime.rb:18:in `process_action'
  actionpack (4.2.0) lib/abstract_controller/base.rb:137:in `process'
  actionview (4.2.0) lib/action_view/rendering.rb:30:in `process'
  actionpack (4.2.0) lib/action_controller/metal.rb:195:in `dispatch'
  actionpack (4.2.0) lib/action_controller/metal/rack_delegation.rb:13:in `dispatch'
  actionpack (4.2.0) lib/action_controller/metal.rb:236:in `block in action'
  actionpack (4.2.0) lib/action_dispatch/routing/route_set.rb:73:in `dispatch'
  actionpack (4.2.0) lib/action_dispatch/routing/route_set.rb:42:in `serve'
  actionpack (4.2.0) lib/action_dispatch/journey/router.rb:43:in `block in serve'
  actionpack (4.2.0) lib/action_dispatch/journey/router.rb:30:in `serve'
  actionpack (4.2.0) lib/action_dispatch/routing/route_set.rb:802:in `call'
  rack (1.6.4) lib/rack/etag.rb:24:in `call'
  rack (1.6.4) lib/rack/conditionalget.rb:25:in `call'
  rack (1.6.4) lib/rack/head.rb:13:in `call'
  actionpack (4.2.0) lib/action_dispatch/middleware/params_parser.rb:27:in `call'
  actionpack (4.2.0) lib/action_dispatch/middleware/flash.rb:260:in `call'
  rack (1.6.4) lib/rack/session/abstract/id.rb:225:in `context'
  rack (1.6.4) lib/rack/session/abstract/id.rb:220:in `call'
  actionpack (4.2.0) lib/action_dispatch/middleware/cookies.rb:560:in `call'
  activerecord (4.2.0) lib/active_record/query_cache.rb:36:in `call'
  activerecord (4.2.0) lib/active_record/connection_adapters/abstract/connection_pool.rb:647:in `call'
  activerecord (4.2.0) lib/active_record/migration.rb:378:in `call'
  actionpack (4.2.0) lib/action_dispatch/middleware/callbacks.rb:29:in `block in call'
  activesupport (4.2.0) lib/active_support/callbacks.rb:88:in `_run_callbacks'
  activesupport (4.2.0) lib/active_support/callbacks.rb:734:in `_run_call_callbacks'
  activesupport (4.2.0) lib/active_support/callbacks.rb:81:in `run_callbacks'
  actionpack (4.2.0) lib/action_dispatch/middleware/callbacks.rb:27:in `call'
  actionpack (4.2.0) lib/action_dispatch/middleware/reloader.rb:73:in `call'
  actionpack (4.2.0) lib/action_dispatch/middleware/remote_ip.rb:78:in `call'
  better_errors (1.1.0) lib/better_errors/middleware.rb:84:in `protected_app_call'
  better_errors (1.1.0) lib/better_errors/middleware.rb:79:in `better_errors_call'
  better_errors (1.1.0) lib/better_errors/middleware.rb:56:in `call'
  actionpack (4.2.0) lib/action_dispatch/middleware/debug_exceptions.rb:17:in `call'
  actionpack (4.2.0) lib/action_dispatch/middleware/show_exceptions.rb:30:in `call'
  railties (4.2.0) lib/rails/rack/logger.rb:38:in `call_app'
  railties (4.2.0) lib/rails/rack/logger.rb:20:in `block in call'
  activesupport (4.2.0) lib/active_support/tagged_logging.rb:68:in `block in tagged'
  activesupport (4.2.0) lib/active_support/tagged_logging.rb:26:in `tagged'
  activesupport (4.2.0) lib/active_support/tagged_logging.rb:68:in `tagged'
  railties (4.2.0) lib/rails/rack/logger.rb:20:in `call'
  actionpack (4.2.0) lib/action_dispatch/middleware/request_id.rb:21:in `call'
  rack (1.6.4) lib/rack/methodoverride.rb:22:in `call'
  rack (1.6.4) lib/rack/runtime.rb:18:in `call'
  activesupport (4.2.0) lib/active_support/cache/strategy/local_cache_middleware.rb:28:in `call'
  rack (1.6.4) lib/rack/lock.rb:17:in `call'
  actionpack (4.2.0) lib/action_dispatch/middleware/static.rb:113:in `call'
  rack (1.6.4) lib/rack/sendfile.rb:113:in `call'
  railties (4.2.0) lib/rails/engine.rb:518:in `call'
  railties (4.2.0) lib/rails/application.rb:164:in `call'
  rack (1.6.4) lib/rack/lock.rb:17:in `call'
  rack (1.6.4) lib/rack/content_length.rb:15:in `call'
  rack (1.6.4) lib/rack/handler/webrick.rb:88:in `service'
  c:/RailsInstaller/Ruby2.1.0/lib/ruby/2.1.0/webrick/httpserver.rb:138:in `service'
  c:/RailsInstaller/Ruby2.1.0/lib/ruby/2.1.0/webrick/httpserver.rb:94:in `run'
  c:/RailsInstaller/Ruby2.1.0/lib/ruby/2.1.0/webrick/server.rb:295:in `block in start_thread'



Started POST "/__better_errors/62263248/variables" for ::1 at 2016-10-05 01:02:42 -0700


Started GET "/teachers/new" for ::1 at 2016-10-05 01:03:44 -0700
Processing by TeachersController#new as HTML
  Rendered teachers/new.html.erb within layouts/application (3.0ms)
Completed 200 OK in 33ms (Views: 19.0ms | ActiveRecord: 0.0ms)


Started GET "/teachers/new" for ::1 at 2016-10-05 01:03:50 -0700
Processing by TeachersController#new as HTML
  Rendered teachers/new.html.erb within layouts/application (0.0ms)
Completed 200 OK in 5ms (Views: 4.9ms | ActiveRecord: 0.0ms)


Started GET "/teachers/new" for ::1 at 2016-10-05 01:34:47 -0700
Processing by TeachersController#new as HTML
  Rendered teachers/new.html.erb within layouts/application (0.0ms)
Completed 500 Internal Server Error in 728ms

ExecJS::ProgramError - TypeError: Object doesn't support this property or method
  (in c:/Users/Maruf/Desktop/Ruby/hw-soln/hw3/app/assets/javascripts/teachers.coffee):
  execjs (2.7.0) lib/execjs/external_runtime.rb:84:in `extract_result'
  execjs (2.7.0) lib/execjs/external_runtime.rb:39:in `exec'
  execjs (2.7.0) lib/execjs/external_runtime.rb:21:in `eval'
  execjs (2.7.0) lib/execjs/external_runtime.rb:46:in `call'
  coffee-script (2.4.1) lib/coffee_script.rb:78:in `compile'
  tilt (1.4.1) lib/tilt/coffee.rb:46:in `evaluate'
  tilt (1.4.1) lib/tilt/template.rb:103:in `render'
  sprockets (2.12.4) lib/sprockets/context.rb:197:in `block in evaluate'
  sprockets (2.12.4) lib/sprockets/context.rb:194:in `evaluate'
  sprockets (2.12.4) lib/sprockets/processed_asset.rb:12:in `initialize'
  sprockets (2.12.4) lib/sprockets/base.rb:374:in `block in build_asset'
  sprockets (2.12.4) lib/sprockets/base.rb:395:in `circular_call_protection'
  sprockets (2.12.4) lib/sprockets/base.rb:373:in `build_asset'
  sprockets (2.12.4) lib/sprockets/index.rb:94:in `block in build_asset'
  sprockets (2.12.4) lib/sprockets/caching.rb:58:in `cache_asset'
  sprockets (2.12.4) lib/sprockets/index.rb:93:in `build_asset'
  sprockets (2.12.4) lib/sprockets/base.rb:287:in `find_asset'
  sprockets (2.12.4) lib/sprockets/index.rb:61:in `find_asset'
  sprockets (2.12.4) lib/sprockets/processed_asset.rb:111:in `block in resolve_dependencies'
  sprockets (2.12.4) lib/sprockets/processed_asset.rb:105:in `resolve_dependencies'
  sprockets (2.12.4) lib/sprockets/processed_asset.rb:97:in `build_required_assets'
  sprockets (2.12.4) lib/sprockets/processed_asset.rb:16:in `initialize'
  sprockets (2.12.4) lib/sprockets/base.rb:374:in `block in build_asset'
  sprockets (2.12.4) lib/sprockets/base.rb:395:in `circular_call_protection'
  sprockets (2.12.4) lib/sprockets/base.rb:373:in `build_asset'
  sprockets (2.12.4) lib/sprockets/index.rb:94:in `block in build_asset'
  sprockets (2.12.4) lib/sprockets/caching.rb:58:in `cache_asset'
  sprockets (2.12.4) lib/sprockets/index.rb:93:in `build_asset'
  sprockets (2.12.4) lib/sprockets/base.rb:287:in `find_asset'
  sprockets (2.12.4) lib/sprockets/index.rb:61:in `find_asset'
  sprockets (2.12.4) lib/sprockets/bundled_asset.rb:16:in `initialize'
  sprockets (2.12.4) lib/sprockets/base.rb:377:in `build_asset'
  sprockets (2.12.4) lib/sprockets/index.rb:94:in `block in build_asset'
  sprockets (2.12.4) lib/sprockets/caching.rb:58:in `cache_asset'
  sprockets (2.12.4) lib/sprockets/index.rb:93:in `build_asset'
  sprockets (2.12.4) lib/sprockets/base.rb:287:in `find_asset'
  sprockets (2.12.4) lib/sprockets/index.rb:61:in `find_asset'
  sprockets (2.12.4) lib/sprockets/environment.rb:75:in `find_asset'
  sprockets (2.12.4) lib/sprockets/base.rb:295:in `[]'
  sprockets-rails (2.3.3) lib/sprockets/rails/helper.rb:230:in `lookup_asset_for_path'
  sprockets-rails (2.3.3) lib/sprockets/rails/helper.rb:190:in `check_errors_for'
  sprockets-rails (2.3.3) lib/sprockets/rails/helper.rb:137:in `block in javascript_include_tag'
  sprockets-rails (2.3.3) lib/sprockets/rails/helper.rb:136:in `javascript_include_tag'
  app/views/layouts/application.html.erb:6:in `_app_views_layouts_application_html_erb___778087901_64053480'
  actionview (4.2.0) lib/action_view/template.rb:145:in `block in render'
  activesupport (4.2.0) lib/active_support/notifications.rb:166:in `instrument'
  actionview (4.2.0) lib/action_view/template.rb:333:in `instrument'
  actionview (4.2.0) lib/action_view/template.rb:143:in `render'
  actionview (4.2.0) lib/action_view/renderer/template_renderer.rb:66:in `render_with_layout'
  actionview (4.2.0) lib/action_view/renderer/template_renderer.rb:52:in `render_template'
  actionview (4.2.0) lib/action_view/renderer/template_renderer.rb:14:in `render'
  actionview (4.2.0) lib/action_view/renderer/renderer.rb:42:in `render_template'
  actionview (4.2.0) lib/action_view/renderer/renderer.rb:23:in `render'
  actionview (4.2.0) lib/action_view/rendering.rb:100:in `_render_template'
  actionpack (4.2.0) lib/action_controller/metal/streaming.rb:217:in `_render_template'
  actionview (4.2.0) lib/action_view/rendering.rb:83:in `render_to_body'
  actionpack (4.2.0) lib/action_controller/metal/rendering.rb:32:in `render_to_body'
  actionpack (4.2.0) lib/action_controller/metal/renderers.rb:37:in `render_to_body'
  actionpack (4.2.0) lib/abstract_controller/rendering.rb:25:in `render'
  actionpack (4.2.0) lib/action_controller/metal/rendering.rb:16:in `render'
  actionpack (4.2.0) lib/action_controller/metal/instrumentation.rb:41:in `block (2 levels) in render'
  activesupport (4.2.0) lib/active_support/core_ext/benchmark.rb:12:in `block in ms'
  c:/RailsInstaller/Ruby2.1.0/lib/ruby/2.1.0/benchmark.rb:294:in `realtime'
  activesupport (4.2.0) lib/active_support/core_ext/benchmark.rb:12:in `ms'
  actionpack (4.2.0) lib/action_controller/metal/instrumentation.rb:41:in `block in render'
  actionpack (4.2.0) lib/action_controller/metal/instrumentation.rb:84:in `cleanup_view_runtime'
  activerecord (4.2.0) lib/active_record/railties/controller_runtime.rb:25:in `cleanup_view_runtime'
  actionpack (4.2.0) lib/action_controller/metal/instrumentation.rb:40:in `render'
  actionpack (4.2.0) lib/action_controller/metal/implicit_render.rb:10:in `default_render'
  actionpack (4.2.0) lib/action_controller/metal/implicit_render.rb:5:in `send_action'
  actionpack (4.2.0) lib/abstract_controller/base.rb:198:in `process_action'
  actionpack (4.2.0) lib/action_controller/metal/rendering.rb:10:in `process_action'
  actionpack (4.2.0) lib/abstract_controller/callbacks.rb:20:in `block in process_action'
  activesupport (4.2.0) lib/active_support/callbacks.rb:117:in `call'
  activesupport (4.2.0) lib/active_support/callbacks.rb:234:in `block in halting'
  activesupport (4.2.0) lib/active_support/callbacks.rb:169:in `block in halting'
  activesupport (4.2.0) lib/active_support/callbacks.rb:169:in `block in halting'
  activesupport (4.2.0) lib/active_support/callbacks.rb:92:in `_run_callbacks'
  activesupport (4.2.0) lib/active_support/callbacks.rb:734:in `_run_process_action_callbacks'
  activesupport (4.2.0) lib/active_support/callbacks.rb:81:in `run_callbacks'
  actionpack (4.2.0) lib/abstract_controller/callbacks.rb:19:in `process_action'
  actionpack (4.2.0) lib/action_controller/metal/rescue.rb:29:in `process_action'
  actionpack (4.2.0) lib/action_controller/metal/instrumentation.rb:31:in `block in process_action'
  activesupport (4.2.0) lib/active_support/notifications.rb:164:in `block in instrument'
  activesupport (4.2.0) lib/active_support/notifications/instrumenter.rb:20:in `instrument'
  activesupport (4.2.0) lib/active_support/notifications.rb:164:in `instrument'
  actionpack (4.2.0) lib/action_controller/metal/instrumentation.rb:30:in `process_action'
  actionpack (4.2.0) lib/action_controller/metal/params_wrapper.rb:250:in `process_action'
  activerecord (4.2.0) lib/active_record/railties/controller_runtime.rb:18:in `process_action'
  actionpack (4.2.0) lib/abstract_controller/base.rb:137:in `process'
  actionview (4.2.0) lib/action_view/rendering.rb:30:in `process'
  actionpack (4.2.0) lib/action_controller/metal.rb:195:in `dispatch'
  actionpack (4.2.0) lib/action_controller/metal/rack_delegation.rb:13:in `dispatch'
  actionpack (4.2.0) lib/action_controller/metal.rb:236:in `block in action'
  actionpack (4.2.0) lib/action_dispatch/routing/route_set.rb:73:in `dispatch'
  actionpack (4.2.0) lib/action_dispatch/routing/route_set.rb:42:in `serve'
  actionpack (4.2.0) lib/action_dispatch/journey/router.rb:43:in `block in serve'
  actionpack (4.2.0) lib/action_dispatch/journey/router.rb:30:in `serve'
  actionpack (4.2.0) lib/action_dispatch/routing/route_set.rb:802:in `call'
  rack (1.6.4) lib/rack/etag.rb:24:in `call'
  rack (1.6.4) lib/rack/conditionalget.rb:25:in `call'
  rack (1.6.4) lib/rack/head.rb:13:in `call'
  actionpack (4.2.0) lib/action_dispatch/middleware/params_parser.rb:27:in `call'
  actionpack (4.2.0) lib/action_dispatch/middleware/flash.rb:260:in `call'
  rack (1.6.4) lib/rack/session/abstract/id.rb:225:in `context'
  rack (1.6.4) lib/rack/session/abstract/id.rb:220:in `call'
  actionpack (4.2.0) lib/action_dispatch/middleware/cookies.rb:560:in `call'
  activerecord (4.2.0) lib/active_record/query_cache.rb:36:in `call'
  activerecord (4.2.0) lib/active_record/connection_adapters/abstract/connection_pool.rb:647:in `call'
  activerecord (4.2.0) lib/active_record/migration.rb:378:in `call'
  actionpack (4.2.0) lib/action_dispatch/middleware/callbacks.rb:29:in `block in call'
  activesupport (4.2.0) lib/active_support/callbacks.rb:88:in `_run_callbacks'
  activesupport (4.2.0) lib/active_support/callbacks.rb:734:in `_run_call_callbacks'
  activesupport (4.2.0) lib/active_support/callbacks.rb:81:in `run_callbacks'
  actionpack (4.2.0) lib/action_dispatch/middleware/callbacks.rb:27:in `call'
  actionpack (4.2.0) lib/action_dispatch/middleware/reloader.rb:73:in `call'
  actionpack (4.2.0) lib/action_dispatch/middleware/remote_ip.rb:78:in `call'
  better_errors (1.1.0) lib/better_errors/middleware.rb:84:in `protected_app_call'
  better_errors (1.1.0) lib/better_errors/middleware.rb:79:in `better_errors_call'
  better_errors (1.1.0) lib/better_errors/middleware.rb:56:in `call'
  actionpack (4.2.0) lib/action_dispatch/middleware/debug_exceptions.rb:17:in `call'
  actionpack (4.2.0) lib/action_dispatch/middleware/show_exceptions.rb:30:in `call'
  railties (4.2.0) lib/rails/rack/logger.rb:38:in `call_app'
  railties (4.2.0) lib/rails/rack/logger.rb:20:in `block in call'
  activesupport (4.2.0) lib/active_support/tagged_logging.rb:68:in `block in tagged'
  activesupport (4.2.0) lib/active_support/tagged_logging.rb:26:in `tagged'
  activesupport (4.2.0) lib/active_support/tagged_logging.rb:68:in `tagged'
  railties (4.2.0) lib/rails/rack/logger.rb:20:in `call'
  actionpack (4.2.0) lib/action_dispatch/middleware/request_id.rb:21:in `call'
  rack (1.6.4) lib/rack/methodoverride.rb:22:in `call'
  rack (1.6.4) lib/rack/runtime.rb:18:in `call'
  activesupport (4.2.0) lib/active_support/cache/strategy/local_cache_middleware.rb:28:in `call'
  rack (1.6.4) lib/rack/lock.rb:17:in `call'
  actionpack (4.2.0) lib/action_dispatch/middleware/static.rb:113:in `call'
  rack (1.6.4) lib/rack/sendfile.rb:113:in `call'
  railties (4.2.0) lib/rails/engine.rb:518:in `call'
  railties (4.2.0) lib/rails/application.rb:164:in `call'
  rack (1.6.4) lib/rack/lock.rb:17:in `call'
  rack (1.6.4) lib/rack/content_length.rb:15:in `call'
  rack (1.6.4) lib/rack/handler/webrick.rb:88:in `service'
  c:/RailsInstaller/Ruby2.1.0/lib/ruby/2.1.0/webrick/httpserver.rb:138:in `service'
  c:/RailsInstaller/Ruby2.1.0/lib/ruby/2.1.0/webrick/httpserver.rb:94:in `run'
  c:/RailsInstaller/Ruby2.1.0/lib/ruby/2.1.0/webrick/server.rb:295:in `block in start_thread'



Started POST "/__better_errors/61776048/variables" for ::1 at 2016-10-05 01:34:48 -0700


Started GET "/teachers/new" for ::1 at 2016-10-05 01:39:03 -0700
Processing by TeachersController#new as HTML
  Rendered teachers/new.html.erb within layouts/application (0.0ms)
Completed 500 Internal Server Error in 363ms

ExecJS::ProgramError - TypeError: Object doesn't support this property or method
  (in c:/Users/Maruf/Desktop/Ruby/hw-soln/hw3/app/assets/javascripts/teachers.coffee):
  execjs (2.7.0) lib/execjs/external_runtime.rb:84:in `extract_result'
  execjs (2.7.0) lib/execjs/external_runtime.rb:39:in `exec'
  execjs (2.7.0) lib/execjs/external_runtime.rb:21:in `eval'
  execjs (2.7.0) lib/execjs/external_runtime.rb:46:in `call'
  coffee-script (2.4.1) lib/coffee_script.rb:78:in `compile'
  tilt (1.4.1) lib/tilt/coffee.rb:46:in `evaluate'
  tilt (1.4.1) lib/tilt/template.rb:103:in `render'
  sprockets (2.12.4) lib/sprockets/context.rb:197:in `block in evaluate'
  sprockets (2.12.4) lib/sprockets/context.rb:194:in `evaluate'
  sprockets (2.12.4) lib/sprockets/processed_asset.rb:12:in `initialize'
  sprockets (2.12.4) lib/sprockets/base.rb:374:in `block in build_asset'
  sprockets (2.12.4) lib/sprockets/base.rb:395:in `circular_call_protection'
  sprockets (2.12.4) lib/sprockets/base.rb:373:in `build_asset'
  sprockets (2.12.4) lib/sprockets/index.rb:94:in `block in build_asset'
  sprockets (2.12.4) lib/sprockets/caching.rb:58:in `cache_asset'
  sprockets (2.12.4) lib/sprockets/index.rb:93:in `build_asset'
  sprockets (2.12.4) lib/sprockets/base.rb:287:in `find_asset'
  sprockets (2.12.4) lib/sprockets/index.rb:61:in `find_asset'
  sprockets (2.12.4) lib/sprockets/processed_asset.rb:111:in `block in resolve_dependencies'
  sprockets (2.12.4) lib/sprockets/processed_asset.rb:105:in `resolve_dependencies'
  sprockets (2.12.4) lib/sprockets/processed_asset.rb:97:in `build_required_assets'
  sprockets (2.12.4) lib/sprockets/processed_asset.rb:16:in `initialize'
  sprockets (2.12.4) lib/sprockets/base.rb:374:in `block in build_asset'
  sprockets (2.12.4) lib/sprockets/base.rb:395:in `circular_call_protection'
  sprockets (2.12.4) lib/sprockets/base.rb:373:in `build_asset'
  sprockets (2.12.4) lib/sprockets/index.rb:94:in `block in build_asset'
  sprockets (2.12.4) lib/sprockets/caching.rb:58:in `cache_asset'
  sprockets (2.12.4) lib/sprockets/index.rb:93:in `build_asset'
  sprockets (2.12.4) lib/sprockets/base.rb:287:in `find_asset'
  sprockets (2.12.4) lib/sprockets/index.rb:61:in `find_asset'
  sprockets (2.12.4) lib/sprockets/bundled_asset.rb:16:in `initialize'
  sprockets (2.12.4) lib/sprockets/base.rb:377:in `build_asset'
  sprockets (2.12.4) lib/sprockets/index.rb:94:in `block in build_asset'
  sprockets (2.12.4) lib/sprockets/caching.rb:58:in `cache_asset'
  sprockets (2.12.4) lib/sprockets/index.rb:93:in `build_asset'
  sprockets (2.12.4) lib/sprockets/base.rb:287:in `find_asset'
  sprockets (2.12.4) lib/sprockets/index.rb:61:in `find_asset'
  sprockets (2.12.4) lib/sprockets/environment.rb:75:in `find_asset'
  sprockets (2.12.4) lib/sprockets/base.rb:295:in `[]'
  sprockets-rails (2.3.3) lib/sprockets/rails/helper.rb:230:in `lookup_asset_for_path'
  sprockets-rails (2.3.3) lib/sprockets/rails/helper.rb:190:in `check_errors_for'
  sprockets-rails (2.3.3) lib/sprockets/rails/helper.rb:137:in `block in javascript_include_tag'
  sprockets-rails (2.3.3) lib/sprockets/rails/helper.rb:136:in `javascript_include_tag'
  app/views/layouts/application.html.erb:6:in `_app_views_layouts_application_html_erb___778087901_64053480'
  actionview (4.2.0) lib/action_view/template.rb:145:in `block in render'
  activesupport (4.2.0) lib/active_support/notifications.rb:166:in `instrument'
  actionview (4.2.0) lib/action_view/template.rb:333:in `instrument'
  actionview (4.2.0) lib/action_view/template.rb:143:in `render'
  actionview (4.2.0) lib/action_view/renderer/template_renderer.rb:66:in `render_with_layout'
  actionview (4.2.0) lib/action_view/renderer/template_renderer.rb:52:in `render_template'
  actionview (4.2.0) lib/action_view/renderer/template_renderer.rb:14:in `render'
  actionview (4.2.0) lib/action_view/renderer/renderer.rb:42:in `render_template'
  actionview (4.2.0) lib/action_view/renderer/renderer.rb:23:in `render'
  actionview (4.2.0) lib/action_view/rendering.rb:100:in `_render_template'
  actionpack (4.2.0) lib/action_controller/metal/streaming.rb:217:in `_render_template'
  actionview (4.2.0) lib/action_view/rendering.rb:83:in `render_to_body'
  actionpack (4.2.0) lib/action_controller/metal/rendering.rb:32:in `render_to_body'
  actionpack (4.2.0) lib/action_controller/metal/renderers.rb:37:in `render_to_body'
  actionpack (4.2.0) lib/abstract_controller/rendering.rb:25:in `render'
  actionpack (4.2.0) lib/action_controller/metal/rendering.rb:16:in `render'
  actionpack (4.2.0) lib/action_controller/metal/instrumentation.rb:41:in `block (2 levels) in render'
  activesupport (4.2.0) lib/active_support/core_ext/benchmark.rb:12:in `block in ms'
  c:/RailsInstaller/Ruby2.1.0/lib/ruby/2.1.0/benchmark.rb:294:in `realtime'
  activesupport (4.2.0) lib/active_support/core_ext/benchmark.rb:12:in `ms'
  actionpack (4.2.0) lib/action_controller/metal/instrumentation.rb:41:in `block in render'
  actionpack (4.2.0) lib/action_controller/metal/instrumentation.rb:84:in `cleanup_view_runtime'
  activerecord (4.2.0) lib/active_record/railties/controller_runtime.rb:25:in `cleanup_view_runtime'
  actionpack (4.2.0) lib/action_controller/metal/instrumentation.rb:40:in `render'
  actionpack (4.2.0) lib/action_controller/metal/implicit_render.rb:10:in `default_render'
  actionpack (4.2.0) lib/action_controller/metal/implicit_render.rb:5:in `send_action'
  actionpack (4.2.0) lib/abstract_controller/base.rb:198:in `process_action'
  actionpack (4.2.0) lib/action_controller/metal/rendering.rb:10:in `process_action'
  actionpack (4.2.0) lib/abstract_controller/callbacks.rb:20:in `block in process_action'
  activesupport (4.2.0) lib/active_support/callbacks.rb:117:in `call'
  activesupport (4.2.0) lib/active_support/callbacks.rb:234:in `block in halting'
  activesupport (4.2.0) lib/active_support/callbacks.rb:169:in `block in halting'
  activesupport (4.2.0) lib/active_support/callbacks.rb:169:in `block in halting'
  activesupport (4.2.0) lib/active_support/callbacks.rb:92:in `_run_callbacks'
  activesupport (4.2.0) lib/active_support/callbacks.rb:734:in `_run_process_action_callbacks'
  activesupport (4.2.0) lib/active_support/callbacks.rb:81:in `run_callbacks'
  actionpack (4.2.0) lib/abstract_controller/callbacks.rb:19:in `process_action'
  actionpack (4.2.0) lib/action_controller/metal/rescue.rb:29:in `process_action'
  actionpack (4.2.0) lib/action_controller/metal/instrumentation.rb:31:in `block in process_action'
  activesupport (4.2.0) lib/active_support/notifications.rb:164:in `block in instrument'
  activesupport (4.2.0) lib/active_support/notifications/instrumenter.rb:20:in `instrument'
  activesupport (4.2.0) lib/active_support/notifications.rb:164:in `instrument'
  actionpack (4.2.0) lib/action_controller/metal/instrumentation.rb:30:in `process_action'
  actionpack (4.2.0) lib/action_controller/metal/params_wrapper.rb:250:in `process_action'
  activerecord (4.2.0) lib/active_record/railties/controller_runtime.rb:18:in `process_action'
  actionpack (4.2.0) lib/abstract_controller/base.rb:137:in `process'
  actionview (4.2.0) lib/action_view/rendering.rb:30:in `process'
  actionpack (4.2.0) lib/action_controller/metal.rb:195:in `dispatch'
  actionpack (4.2.0) lib/action_controller/metal/rack_delegation.rb:13:in `dispatch'
  actionpack (4.2.0) lib/action_controller/metal.rb:236:in `block in action'
  actionpack (4.2.0) lib/action_dispatch/routing/route_set.rb:73:in `dispatch'
  actionpack (4.2.0) lib/action_dispatch/routing/route_set.rb:42:in `serve'
  actionpack (4.2.0) lib/action_dispatch/journey/router.rb:43:in `block in serve'
  actionpack (4.2.0) lib/action_dispatch/journey/router.rb:30:in `serve'
  actionpack (4.2.0) lib/action_dispatch/routing/route_set.rb:802:in `call'
  rack (1.6.4) lib/rack/etag.rb:24:in `call'
  rack (1.6.4) lib/rack/conditionalget.rb:25:in `call'
  rack (1.6.4) lib/rack/head.rb:13:in `call'
  actionpack (4.2.0) lib/action_dispatch/middleware/params_parser.rb:27:in `call'
  actionpack (4.2.0) lib/action_dispatch/middleware/flash.rb:260:in `call'
  rack (1.6.4) lib/rack/session/abstract/id.rb:225:in `context'
  rack (1.6.4) lib/rack/session/abstract/id.rb:220:in `call'
  actionpack (4.2.0) lib/action_dispatch/middleware/cookies.rb:560:in `call'
  activerecord (4.2.0) lib/active_record/query_cache.rb:36:in `call'
  activerecord (4.2.0) lib/active_record/connection_adapters/abstract/connection_pool.rb:647:in `call'
  activerecord (4.2.0) lib/active_record/migration.rb:378:in `call'
  actionpack (4.2.0) lib/action_dispatch/middleware/callbacks.rb:29:in `block in call'
  activesupport (4.2.0) lib/active_support/callbacks.rb:88:in `_run_callbacks'
  activesupport (4.2.0) lib/active_support/callbacks.rb:734:in `_run_call_callbacks'
  activesupport (4.2.0) lib/active_support/callbacks.rb:81:in `run_callbacks'
  actionpack (4.2.0) lib/action_dispatch/middleware/callbacks.rb:27:in `call'
  actionpack (4.2.0) lib/action_dispatch/middleware/reloader.rb:73:in `call'
  actionpack (4.2.0) lib/action_dispatch/middleware/remote_ip.rb:78:in `call'
  better_errors (1.1.0) lib/better_errors/middleware.rb:84:in `protected_app_call'
  better_errors (1.1.0) lib/better_errors/middleware.rb:79:in `better_errors_call'
  better_errors (1.1.0) lib/better_errors/middleware.rb:56:in `call'
  actionpack (4.2.0) lib/action_dispatch/middleware/debug_exceptions.rb:17:in `call'
  actionpack (4.2.0) lib/action_dispatch/middleware/show_exceptions.rb:30:in `call'
  railties (4.2.0) lib/rails/rack/logger.rb:38:in `call_app'
  railties (4.2.0) lib/rails/rack/logger.rb:20:in `block in call'
  activesupport (4.2.0) lib/active_support/tagged_logging.rb:68:in `block in tagged'
  activesupport (4.2.0) lib/active_support/tagged_logging.rb:26:in `tagged'
  activesupport (4.2.0) lib/active_support/tagged_logging.rb:68:in `tagged'
  railties (4.2.0) lib/rails/rack/logger.rb:20:in `call'
  actionpack (4.2.0) lib/action_dispatch/middleware/request_id.rb:21:in `call'
  rack (1.6.4) lib/rack/methodoverride.rb:22:in `call'
  rack (1.6.4) lib/rack/runtime.rb:18:in `call'
  activesupport (4.2.0) lib/active_support/cache/strategy/local_cache_middleware.rb:28:in `call'
  rack (1.6.4) lib/rack/lock.rb:17:in `call'
  actionpack (4.2.0) lib/action_dispatch/middleware/static.rb:113:in `call'
  rack (1.6.4) lib/rack/sendfile.rb:113:in `call'
  railties (4.2.0) lib/rails/engine.rb:518:in `call'
  railties (4.2.0) lib/rails/application.rb:164:in `call'
  rack (1.6.4) lib/rack/lock.rb:17:in `call'
  rack (1.6.4) lib/rack/content_length.rb:15:in `call'
  rack (1.6.4) lib/rack/handler/webrick.rb:88:in `service'
  c:/RailsInstaller/Ruby2.1.0/lib/ruby/2.1.0/webrick/httpserver.rb:138:in `service'
  c:/RailsInstaller/Ruby2.1.0/lib/ruby/2.1.0/webrick/httpserver.rb:94:in `run'
  c:/RailsInstaller/Ruby2.1.0/lib/ruby/2.1.0/webrick/server.rb:295:in `block in start_thread'



Started POST "/__better_errors/42433692/variables" for ::1 at 2016-10-05 01:39:04 -0700
